<?xml version="1.0" encoding="UTF-8"?>
<!-- Generated by org.testng.reporters.JUnitXMLReporter -->
<testsuite hostname="Terminator-PC" ignored="0" name="Default test" tests="5" failures="0" timestamp="23 Sep 2018 13:43:38 GMT" time="97.018" errors="0">
  <testcase name="login_test" time="8.297" classname="com.pagelibrary.com.ranford.TestExecution2"/>
  <testcase name="roles_test" time="3.961" classname="com.pagelibrary.com.ranford.TestExecution2"/>
  <testcase name="new_roles_test" time="14.6" classname="com.pagelibrary.com.ranford.TestExecution2"/>
  <testcase name="roles_edit_test" time="14.076" classname="com.pagelibrary.com.ranford.TestExecution2"/>
  <testcase name="logout_test" time="1.995" classname="com.pagelibrary.com.ranford.TestExecution2"/>
</testsuite> <!-- Default test -->
